<?xml version="1.0" encoding="UTF-8"?>
<!-- Generated by org.testng.reporters.JUnitReportReporter -->
<testsuite skipped="0" hostname="LAPTOP-778LVP8F" name="eCommerce.ecommerce_tc_2_3" tests="1" failures="0" timestamp="09 Nov 2020 11:12:30 GMT" time="21.895" errors="0">
  <testcase name="validateOrdeinCheckoutPage" time="21.895" classname="eCommerce.ecommerce_tc_2_3"/>
</testsuite> <!-- eCommerce.ecommerce_tc_2_3 -->
